C:\USERS\EEN\DOCUMENTS\VISUAL STUDIO 2012\PROJECTS\DEFERRENDERING\DEFERRENDERING\DEBUG\JCAMERA.OBJ
C:\USERS\EEN\DOCUMENTS\VISUAL STUDIO 2012\PROJECTS\DEFERRENDERING\DEFERRENDERING\DEBUG\JFBOMANAGER.OBJ
C:\USERS\EEN\DOCUMENTS\VISUAL STUDIO 2012\PROJECTS\DEFERRENDERING\DEFERRENDERING\DEBUG\JLEVEL.OBJ
C:\USERS\EEN\DOCUMENTS\VISUAL STUDIO 2012\PROJECTS\DEFERRENDERING\DEFERRENDERING\DEBUG\JLINEARALGEBRA.OBJ
C:\USERS\EEN\DOCUMENTS\VISUAL STUDIO 2012\PROJECTS\DEFERRENDERING\DEFERRENDERING\DEBUG\JMATERIAL.OBJ
C:\USERS\EEN\DOCUMENTS\VISUAL STUDIO 2012\PROJECTS\DEFERRENDERING\DEFERRENDERING\DEBUG\JMESH.OBJ
C:\USERS\EEN\DOCUMENTS\VISUAL STUDIO 2012\PROJECTS\DEFERRENDERING\DEFERRENDERING\DEBUG\JPROGRAMMANAGER.OBJ
C:\USERS\EEN\DOCUMENTS\VISUAL STUDIO 2012\PROJECTS\DEFERRENDERING\DEFERRENDERING\DEBUG\JSHAPE.OBJ
C:\USERS\EEN\DOCUMENTS\VISUAL STUDIO 2012\PROJECTS\DEFERRENDERING\DEFERRENDERING\DEBUG\JSINGLETON.OBJ
C:\USERS\EEN\DOCUMENTS\VISUAL STUDIO 2012\PROJECTS\DEFERRENDERING\DEFERRENDERING\DEBUG\JTEXTUREMANAGER.OBJ
C:\USERS\EEN\DOCUMENTS\VISUAL STUDIO 2012\PROJECTS\DEFERRENDERING\DEFERRENDERING\DEBUG\MAIN.OBJ
C:\USERS\EEN\DOCUMENTS\VISUAL STUDIO 2012\PROJECTS\DEFERRENDERING\DEFERRENDERING\DEBUG\VC110.PDB
C:\USERS\EEN\DOCUMENTS\VISUAL STUDIO 2012\PROJECTS\DEFERRENDERING\DEBUG\DEFERRENDERING.ILK
C:\USERS\EEN\DOCUMENTS\VISUAL STUDIO 2012\PROJECTS\DEFERRENDERING\DEBUG\DEFERRENDERING.EXE
C:\USERS\EEN\DOCUMENTS\VISUAL STUDIO 2012\PROJECTS\DEFERRENDERING\DEBUG\DEFERRENDERING.PDB
C:\Users\een\Documents\Visual Studio 2012\Projects\deferRendering\deferRendering\Debug\JCamera.obj
C:\Users\een\Documents\Visual Studio 2012\Projects\deferRendering\deferRendering\Debug\JFBOManager.obj
C:\Users\een\Documents\Visual Studio 2012\Projects\deferRendering\deferRendering\Debug\JLevel.obj
C:\Users\een\Documents\Visual Studio 2012\Projects\deferRendering\deferRendering\Debug\JLinearAlgebra.obj
C:\Users\een\Documents\Visual Studio 2012\Projects\deferRendering\deferRendering\Debug\JMaterial.obj
C:\Users\een\Documents\Visual Studio 2012\Projects\deferRendering\deferRendering\Debug\JMesh.obj
C:\Users\een\Documents\Visual Studio 2012\Projects\deferRendering\deferRendering\Debug\JProgramManager.obj
C:\Users\een\Documents\Visual Studio 2012\Projects\deferRendering\deferRendering\Debug\JShape.obj
C:\Users\een\Documents\Visual Studio 2012\Projects\deferRendering\deferRendering\Debug\JSingleton.obj
C:\Users\een\Documents\Visual Studio 2012\Projects\deferRendering\deferRendering\Debug\JTextureManager.obj
C:\Users\een\Documents\Visual Studio 2012\Projects\deferRendering\deferRendering\Debug\main.obj
C:\Users\een\Documents\Visual Studio 2012\Projects\deferRendering\deferRendering\Debug\cl.command.1.tlog
C:\Users\een\Documents\Visual Studio 2012\Projects\deferRendering\deferRendering\Debug\CL.read.1.tlog
C:\Users\een\Documents\Visual Studio 2012\Projects\deferRendering\deferRendering\Debug\CL.write.1.tlog
C:\Users\een\Documents\Visual Studio 2012\Projects\deferRendering\deferRendering\Debug\link-cvtres.read.1.tlog
C:\Users\een\Documents\Visual Studio 2012\Projects\deferRendering\deferRendering\Debug\link-cvtres.write.1.tlog
C:\Users\een\Documents\Visual Studio 2012\Projects\deferRendering\deferRendering\Debug\link-rc.read.1.tlog
C:\Users\een\Documents\Visual Studio 2012\Projects\deferRendering\deferRendering\Debug\link-rc.write.1.tlog
C:\Users\een\Documents\Visual Studio 2012\Projects\deferRendering\deferRendering\Debug\link.11228-cvtres.read.1.tlog
C:\Users\een\Documents\Visual Studio 2012\Projects\deferRendering\deferRendering\Debug\link.11228-cvtres.write.1.tlog
C:\Users\een\Documents\Visual Studio 2012\Projects\deferRendering\deferRendering\Debug\link.11228-rc.read.1.tlog
C:\Users\een\Documents\Visual Studio 2012\Projects\deferRendering\deferRendering\Debug\link.11228-rc.write.1.tlog
C:\Users\een\Documents\Visual Studio 2012\Projects\deferRendering\deferRendering\Debug\link.11228.read.1.tlog
C:\Users\een\Documents\Visual Studio 2012\Projects\deferRendering\deferRendering\Debug\link.11228.write.1.tlog
C:\Users\een\Documents\Visual Studio 2012\Projects\deferRendering\deferRendering\Debug\link.12232-cvtres.read.1.tlog
C:\Users\een\Documents\Visual Studio 2012\Projects\deferRendering\deferRendering\Debug\link.12232-cvtres.write.1.tlog
C:\Users\een\Documents\Visual Studio 2012\Projects\deferRendering\deferRendering\Debug\link.12232-rc.read.1.tlog
C:\Users\een\Documents\Visual Studio 2012\Projects\deferRendering\deferRendering\Debug\link.12232-rc.write.1.tlog
C:\Users\een\Documents\Visual Studio 2012\Projects\deferRendering\deferRendering\Debug\link.12232.read.1.tlog
C:\Users\een\Documents\Visual Studio 2012\Projects\deferRendering\deferRendering\Debug\link.12232.write.1.tlog
C:\Users\een\Documents\Visual Studio 2012\Projects\deferRendering\deferRendering\Debug\link.8416-cvtres.read.1.tlog
C:\Users\een\Documents\Visual Studio 2012\Projects\deferRendering\deferRendering\Debug\link.8416-cvtres.write.1.tlog
C:\Users\een\Documents\Visual Studio 2012\Projects\deferRendering\deferRendering\Debug\link.8416-rc.read.1.tlog
C:\Users\een\Documents\Visual Studio 2012\Projects\deferRendering\deferRendering\Debug\link.8416-rc.write.1.tlog
C:\Users\een\Documents\Visual Studio 2012\Projects\deferRendering\deferRendering\Debug\link.8416.read.1.tlog
C:\Users\een\Documents\Visual Studio 2012\Projects\deferRendering\deferRendering\Debug\link.8416.write.1.tlog
C:\Users\een\Documents\Visual Studio 2012\Projects\deferRendering\deferRendering\Debug\link.command.1.tlog
C:\Users\een\Documents\Visual Studio 2012\Projects\deferRendering\deferRendering\Debug\link.read.1.tlog
C:\Users\een\Documents\Visual Studio 2012\Projects\deferRendering\deferRendering\Debug\link.write.1.tlog
C:\Users\een\Documents\Visual Studio 2012\Projects\deferRendering\deferRendering\Debug\vc110.idb
C:\Users\een\Documents\Visual Studio 2012\Projects\deferRendering\deferRendering\Debug\vc110.pdb
C:\Users\een\Documents\Visual Studio 2012\Projects\deferRendering\Debug\deferRendering.pdb
C:\Users\een\Documents\Visual Studio 2012\Projects\deferRendering\Debug\deferRendering.exe
C:\Users\een\Documents\Visual Studio 2012\Projects\deferRendering\Debug\deferRendering.ilk
